2023-04-05 01:25:00,280 INFO o.h.v.i.u.Version [background-preinit] HV000001: Hibernate Validator 5.3.5.Final
2023-04-05 01:25:00,331 INFO o.s.b.StartupInfoLogger [main] Starting BroadApplication v2.0.0 using Java 17.0.6 on XingGao_Mini with PID 13212 (C:\Users\10322\Desktop\demo\broad-admin.jar started by 10322 in C:\Users\10322\Desktop\demo)
2023-04-05 01:25:00,362 INFO o.s.b.SpringApplication [main] The following 2 profiles are active: "druid", "dev"
2023-04-05 01:25:04,455 INFO o.s.b.w.e.t.TomcatWebServer [main] Tomcat initialized with port(s): 8000 (http)
2023-04-05 01:25:04,478 INFO o.a.j.l.DirectJDKLog [main] Initializing ProtocolHandler ["http-nio-8000"]
2023-04-05 01:25:04,480 INFO o.a.j.l.DirectJDKLog [main] Starting service [Tomcat]
2023-04-05 01:25:04,505 INFO o.a.j.l.DirectJDKLog [main] Starting Servlet engine: [Apache Tomcat/9.0.64]
2023-04-05 01:25:04,681 INFO o.a.j.l.DirectJDKLog [main] Initializing Spring embedded WebApplicationContext
2023-04-05 01:25:04,681 INFO o.s.b.w.s.c.ServletWebServerApplicationContext [main] Root WebApplicationContext: initialization completed in 4231 ms
2023-04-05 01:25:04,731 INFO c.b.f.c.FilterConfig [main] xss filter is inited.
2023-04-05 01:25:05,929 INFO o.q.i.StdSchedulerFactory [main] Using default implementation for ThreadExecutor
2023-04-05 01:25:05,977 INFO o.q.c.SchedulerSignalerImpl [main] Initialized Scheduler Signaller of type: class org.quartz.core.SchedulerSignalerImpl
2023-04-05 01:25:05,979 INFO o.q.c.QuartzScheduler [main] Quartz Scheduler v.2.3.2 created.
2023-04-05 01:25:05,987 INFO o.q.s.RAMJobStore [main] RAMJobStore initialized.
2023-04-05 01:25:05,991 INFO o.q.c.QuartzScheduler [main] Scheduler meta-data: Quartz Scheduler (v2.3.2) 'quartzScheduler' with instanceId 'NON_CLUSTERED'
  Scheduler class: 'org.quartz.core.QuartzScheduler' - running locally.
  NOT STARTED.
  Currently in standby mode.
  Number of jobs executed: 0
  Using thread pool 'org.quartz.simpl.SimpleThreadPool' - with 10 threads.
  Using job-store 'org.quartz.simpl.RAMJobStore' - which does not support persistence. and is not clustered.

2023-04-05 01:25:05,993 INFO o.q.i.StdSchedulerFactory [main] Quartz scheduler 'quartzScheduler' initialized from an externally provided properties instance.
2023-04-05 01:25:05,994 INFO o.q.i.StdSchedulerFactory [main] Quartz scheduler version: 2.3.2
2023-04-05 01:25:05,994 INFO o.q.c.QuartzScheduler [main] JobFactory set to: org.springframework.scheduling.quartz.SpringBeanJobFactory@2e380628
2023-04-05 01:25:08,482 INFO c.a.d.p.DruidDataSource [main] {dataSource-1} inited
2023-04-05 01:25:18,285 INFO c.b.f.c.ThreadPoolConfig [main] start asyncServiceExecutor...
2023-04-05 01:25:19,328 INFO c.b.f.s.SaLogForSlf4j [main] 全局组件 SaLog 载入成功: com.broad.framework.security.SaLogForSlf4j
2023-04-05 01:25:19,330 INFO c.b.f.s.SaLogForSlf4j [main] 全局配置 SaTokenConfig [tokenName=Authorization, timeout=2592000, activityTimeout=-1, isConcurrent=false, isShare=false, maxLoginCount=12, isReadBody=false, isReadHeader=true, isReadCookie=false, isWriteHeader=false, tokenStyle=uuid, dataRefreshPeriod=30, tokenSessionCheckLogin=true, autoRenew=true, tokenPrefix=null, isPrint=false, isLog=true, logLevel=trace, logLevelInt=1, jwtSecretKey=null, basic=, currDomain=null, sameTokenTimeout=86400, checkSameToken=false, cookie=SaCookieConfig [domain=null, path=null, secure=false, httpOnly=false, sameSite=null]] 
2023-04-05 01:25:19,356 INFO c.b.f.s.SaLogForSlf4j [main] 全局组件 SaTokenDao 载入成功: cn.dev33.satoken.dao.SaTokenDaoRedisFastjson2
2023-04-05 01:25:19,361 INFO c.b.f.s.SaLogForSlf4j [main] 全局组件 SaJsonTemplate 载入成功: cn.dev33.satoken.spring.json.SaJsonTemplateForJackson
2023-04-05 01:25:19,376 INFO c.b.f.s.SaLogForSlf4j [main] 全局组件 SaTokenContext 载入成功: cn.dev33.satoken.spring.SaTokenContextForSpring
2023-04-05 01:25:19,378 INFO c.b.f.s.SaLogForSlf4j [main] 全局组件 StpInterface 载入成功: com.broad.framework.security.StpInterfaceImpl
2023-04-05 01:25:20,443 INFO o.a.j.l.DirectJDKLog [main] Starting ProtocolHandler ["http-nio-8000"]
2023-04-05 01:25:20,531 INFO o.s.b.w.e.t.TomcatWebServer [main] Tomcat started on port(s): 8000 (http) with context path ''
2023-04-05 01:25:21,175 INFO o.s.a.r.c.AbstractConnectionFactory [main] Attempting to connect to: [139.159.194.35:5672]
2023-04-05 01:25:21,301 INFO o.s.a.r.c.AbstractConnectionFactory [main] Created new connection: rabbitConnectionFactory#5349b246:0/SimpleConnection@4ef4f627 [delegate=amqp://root@139.159.194.35:5672/, localPort= 64301]
2023-04-05 01:25:21,512 INFO o.s.s.q.SchedulerFactoryBean [main] Starting Quartz Scheduler now
2023-04-05 01:25:21,513 INFO o.q.c.QuartzScheduler [main] Scheduler quartzScheduler_$_NON_CLUSTERED started.
2023-04-05 01:25:21,539 INFO o.s.b.StartupInfoLogger [main] Started BroadApplication in 22.354 seconds (JVM running for 23.912)
2023-04-05 01:25:21,551 INFO c.b.w.BroadApplication [main] Broad-Admin 启动完成,编译时间："2023-04-05 01:25:21",总耗时：22498ms
2023-04-05 01:25:23,994 INFO o.a.j.l.DirectJDKLog [http-nio-8000-exec-1] Initializing Spring DispatcherServlet 'dispatcherServlet'
2023-04-05 01:25:23,994 INFO o.s.w.s.FrameworkServlet [http-nio-8000-exec-1] Initializing Servlet 'dispatcherServlet'
2023-04-05 01:25:23,998 INFO o.s.w.s.FrameworkServlet [http-nio-8000-exec-1] Completed initialization in 3 ms
2023-04-05 01:29:28,847 INFO o.s.a.r.l.SimpleMessageListenerContainer [org.springframework.amqp.rabbit.RabbitListenerEndpointContainer#0-2] Waiting for workers to finish.
2023-04-05 01:29:28,856 INFO o.s.a.r.l.SimpleMessageListenerContainer [org.springframework.amqp.rabbit.RabbitListenerEndpointContainer#1-2] Waiting for workers to finish.
2023-04-05 01:29:28,857 INFO o.q.c.QuartzScheduler [SpringApplicationShutdownHook] Scheduler quartzScheduler_$_NON_CLUSTERED paused.
2023-04-05 01:54:54,598 INFO o.h.v.i.u.Version [background-preinit] HV000001: Hibernate Validator 5.3.5.Final
2023-04-05 01:54:54,662 INFO o.s.b.StartupInfoLogger [main] Starting BroadApplication v2.0.0 using Java 17.0.6 on XingGao_Mini with PID 16928 (C:\Users\10322\Desktop\demo\broad-admin.jar started by 10322 in C:\Users\10322\Desktop\demo)
2023-04-05 01:54:54,669 INFO o.s.b.SpringApplication [main] The following 2 profiles are active: "druid", "dev"
2023-04-05 01:54:58,991 INFO o.s.b.w.e.t.TomcatWebServer [main] Tomcat initialized with port(s): 8000 (http)
2023-04-05 01:54:59,009 INFO o.a.j.l.DirectJDKLog [main] Initializing ProtocolHandler ["http-nio-8000"]
2023-04-05 01:54:59,010 INFO o.a.j.l.DirectJDKLog [main] Starting service [Tomcat]
2023-04-05 01:54:59,010 INFO o.a.j.l.DirectJDKLog [main] Starting Servlet engine: [Apache Tomcat/9.0.64]
2023-04-05 01:54:59,165 INFO o.a.j.l.DirectJDKLog [main] Initializing Spring embedded WebApplicationContext
2023-04-05 01:54:59,166 INFO o.s.b.w.s.c.ServletWebServerApplicationContext [main] Root WebApplicationContext: initialization completed in 4401 ms
2023-04-05 01:54:59,284 INFO c.b.f.c.FilterConfig [main] xss filter is inited.
2023-04-05 01:55:02,402 INFO o.q.i.StdSchedulerFactory [main] Using default implementation for ThreadExecutor
2023-04-05 01:55:02,746 INFO o.q.c.SchedulerSignalerImpl [main] Initialized Scheduler Signaller of type: class org.quartz.core.SchedulerSignalerImpl
2023-04-05 01:55:02,747 INFO o.q.c.QuartzScheduler [main] Quartz Scheduler v.2.3.2 created.
2023-04-05 01:55:02,750 INFO o.q.s.RAMJobStore [main] RAMJobStore initialized.
2023-04-05 01:55:02,753 INFO o.q.c.QuartzScheduler [main] Scheduler meta-data: Quartz Scheduler (v2.3.2) 'quartzScheduler' with instanceId 'NON_CLUSTERED'
  Scheduler class: 'org.quartz.core.QuartzScheduler' - running locally.
  NOT STARTED.
  Currently in standby mode.
  Number of jobs executed: 0
  Using thread pool 'org.quartz.simpl.SimpleThreadPool' - with 10 threads.
  Using job-store 'org.quartz.simpl.RAMJobStore' - which does not support persistence. and is not clustered.

2023-04-05 01:55:02,884 INFO o.q.i.StdSchedulerFactory [main] Quartz scheduler 'quartzScheduler' initialized from an externally provided properties instance.
2023-04-05 01:55:02,885 INFO o.q.i.StdSchedulerFactory [main] Quartz scheduler version: 2.3.2
2023-04-05 01:55:02,890 INFO o.q.c.QuartzScheduler [main] JobFactory set to: org.springframework.scheduling.quartz.SpringBeanJobFactory@320494b6
2023-04-05 01:55:06,970 INFO c.a.d.p.DruidDataSource [main] {dataSource-1} inited
2023-04-05 01:55:17,335 INFO c.b.f.c.ThreadPoolConfig [main] start asyncServiceExecutor...
2023-04-05 01:55:18,409 INFO c.b.f.s.SaLogForSlf4j [main] 全局组件 SaLog 载入成功: com.broad.framework.security.SaLogForSlf4j
2023-04-05 01:55:18,411 INFO c.b.f.s.SaLogForSlf4j [main] 全局配置 SaTokenConfig [tokenName=Authorization, timeout=2592000, activityTimeout=-1, isConcurrent=false, isShare=false, maxLoginCount=12, isReadBody=false, isReadHeader=true, isReadCookie=false, isWriteHeader=false, tokenStyle=uuid, dataRefreshPeriod=30, tokenSessionCheckLogin=true, autoRenew=true, tokenPrefix=null, isPrint=false, isLog=true, logLevel=trace, logLevelInt=1, jwtSecretKey=null, basic=, currDomain=null, sameTokenTimeout=86400, checkSameToken=false, cookie=SaCookieConfig [domain=null, path=null, secure=false, httpOnly=false, sameSite=null]] 
2023-04-05 01:55:18,431 INFO c.b.f.s.SaLogForSlf4j [main] 全局组件 SaTokenDao 载入成功: cn.dev33.satoken.dao.SaTokenDaoRedisFastjson2
2023-04-05 01:55:18,433 INFO c.b.f.s.SaLogForSlf4j [main] 全局组件 StpInterface 载入成功: com.broad.framework.security.StpInterfaceImpl
2023-04-05 01:55:18,437 INFO c.b.f.s.SaLogForSlf4j [main] 全局组件 SaJsonTemplate 载入成功: cn.dev33.satoken.spring.json.SaJsonTemplateForJackson
2023-04-05 01:55:18,444 INFO c.b.f.s.SaLogForSlf4j [main] 全局组件 SaTokenContext 载入成功: cn.dev33.satoken.spring.SaTokenContextForSpring
2023-04-05 01:55:19,723 INFO o.a.j.l.DirectJDKLog [main] Starting ProtocolHandler ["http-nio-8000"]
2023-04-05 01:55:19,882 INFO o.s.b.w.e.t.TomcatWebServer [main] Tomcat started on port(s): 8000 (http) with context path ''
2023-04-05 01:55:20,143 INFO o.a.j.l.DirectJDKLog [http-nio-8000-exec-2] Initializing Spring DispatcherServlet 'dispatcherServlet'
2023-04-05 01:55:20,144 INFO o.s.w.s.FrameworkServlet [http-nio-8000-exec-2] Initializing Servlet 'dispatcherServlet'
2023-04-05 01:55:20,146 INFO o.s.w.s.FrameworkServlet [http-nio-8000-exec-2] Completed initialization in 2 ms
2023-04-05 01:55:21,354 INFO o.s.a.r.c.AbstractConnectionFactory [main] Attempting to connect to: [139.159.194.35:5672]
2023-04-05 01:55:21,495 INFO o.s.a.r.c.AbstractConnectionFactory [main] Created new connection: rabbitConnectionFactory#24841372:0/SimpleConnection@59845579 [delegate=amqp://root@139.159.194.35:5672/, localPort= 64826]
2023-04-05 01:55:21,923 INFO o.s.s.q.SchedulerFactoryBean [main] Starting Quartz Scheduler now
2023-04-05 01:55:21,923 INFO o.q.c.QuartzScheduler [main] Scheduler quartzScheduler_$_NON_CLUSTERED started.
2023-04-05 01:55:22,003 INFO o.s.b.StartupInfoLogger [main] Started BroadApplication in 28.78 seconds (JVM running for 30.588)
2023-04-05 01:55:22,014 INFO c.b.w.BroadApplication [main] Broad-Admin 启动完成,编译时间："2023-04-05 01:55:22",总耗时：28998ms
2023-04-05 02:13:54,367 INFO o.h.v.i.u.Version [background-preinit] HV000001: Hibernate Validator 5.3.5.Final
2023-04-05 02:13:54,426 INFO o.s.b.StartupInfoLogger [main] Starting BroadApplication v2.0.0 using Java 17.0.6 on XingGao_Mini with PID 6252 (C:\Users\10322\Desktop\demo\broad-admin.jar started by 10322 in C:\Users\10322\Desktop\demo)
2023-04-05 02:13:54,437 INFO o.s.b.SpringApplication [main] The following 2 profiles are active: "druid", "dev"
2023-04-05 02:13:58,973 INFO o.s.b.w.e.t.TomcatWebServer [main] Tomcat initialized with port(s): 8000 (http)
2023-04-05 02:13:58,990 INFO o.a.j.l.DirectJDKLog [main] Initializing ProtocolHandler ["http-nio-8000"]
2023-04-05 02:13:58,992 INFO o.a.j.l.DirectJDKLog [main] Starting service [Tomcat]
2023-04-05 02:13:58,993 INFO o.a.j.l.DirectJDKLog [main] Starting Servlet engine: [Apache Tomcat/9.0.64]
2023-04-05 02:13:59,173 INFO o.a.j.l.DirectJDKLog [main] Initializing Spring embedded WebApplicationContext
2023-04-05 02:13:59,174 INFO o.s.b.w.s.c.ServletWebServerApplicationContext [main] Root WebApplicationContext: initialization completed in 4638 ms
2023-04-05 02:13:59,218 INFO c.b.f.c.FilterConfig [main] xss filter is inited.
2023-04-05 02:14:00,358 INFO o.q.i.StdSchedulerFactory [main] Using default implementation for ThreadExecutor
2023-04-05 02:14:00,442 INFO o.q.c.SchedulerSignalerImpl [main] Initialized Scheduler Signaller of type: class org.quartz.core.SchedulerSignalerImpl
2023-04-05 02:14:00,443 INFO o.q.c.QuartzScheduler [main] Quartz Scheduler v.2.3.2 created.
2023-04-05 02:14:00,453 INFO o.q.s.RAMJobStore [main] RAMJobStore initialized.
2023-04-05 02:14:00,456 INFO o.q.c.QuartzScheduler [main] Scheduler meta-data: Quartz Scheduler (v2.3.2) 'quartzScheduler' with instanceId 'NON_CLUSTERED'
  Scheduler class: 'org.quartz.core.QuartzScheduler' - running locally.
  NOT STARTED.
  Currently in standby mode.
  Number of jobs executed: 0
  Using thread pool 'org.quartz.simpl.SimpleThreadPool' - with 10 threads.
  Using job-store 'org.quartz.simpl.RAMJobStore' - which does not support persistence. and is not clustered.

2023-04-05 02:14:00,456 INFO o.q.i.StdSchedulerFactory [main] Quartz scheduler 'quartzScheduler' initialized from an externally provided properties instance.
2023-04-05 02:14:00,457 INFO o.q.i.StdSchedulerFactory [main] Quartz scheduler version: 2.3.2
2023-04-05 02:14:00,458 INFO o.q.c.QuartzScheduler [main] JobFactory set to: org.springframework.scheduling.quartz.SpringBeanJobFactory@5754de72
2023-04-05 02:14:02,914 INFO c.a.d.p.DruidDataSource [main] {dataSource-1} inited
2023-04-05 02:14:12,538 INFO c.b.f.c.ThreadPoolConfig [main] start asyncServiceExecutor...
2023-04-05 02:14:13,169 INFO c.b.f.s.SaLogForSlf4j [main] 全局组件 SaLog 载入成功: com.broad.framework.security.SaLogForSlf4j
2023-04-05 02:14:13,170 INFO c.b.f.s.SaLogForSlf4j [main] 全局配置 SaTokenConfig [tokenName=Authorization, timeout=2592000, activityTimeout=-1, isConcurrent=false, isShare=false, maxLoginCount=12, isReadBody=false, isReadHeader=true, isReadCookie=false, isWriteHeader=false, tokenStyle=uuid, dataRefreshPeriod=30, tokenSessionCheckLogin=true, autoRenew=true, tokenPrefix=null, isPrint=false, isLog=true, logLevel=trace, logLevelInt=1, jwtSecretKey=null, basic=, currDomain=null, sameTokenTimeout=86400, checkSameToken=false, cookie=SaCookieConfig [domain=null, path=null, secure=false, httpOnly=false, sameSite=null]] 
2023-04-05 02:14:13,178 INFO c.b.f.s.SaLogForSlf4j [main] 全局组件 StpInterface 载入成功: com.broad.framework.security.StpInterfaceImpl
2023-04-05 02:14:13,181 INFO c.b.f.s.SaLogForSlf4j [main] 全局组件 SaJsonTemplate 载入成功: cn.dev33.satoken.spring.json.SaJsonTemplateForJackson
2023-04-05 02:14:13,183 INFO c.b.f.s.SaLogForSlf4j [main] 全局组件 SaTokenDao 载入成功: cn.dev33.satoken.dao.SaTokenDaoRedisFastjson2
2023-04-05 02:14:13,187 INFO c.b.f.s.SaLogForSlf4j [main] 全局组件 SaTokenContext 载入成功: cn.dev33.satoken.spring.SaTokenContextForSpring
2023-04-05 02:14:13,854 INFO o.a.j.l.DirectJDKLog [main] Starting ProtocolHandler ["http-nio-8000"]
2023-04-05 02:14:13,905 INFO o.s.s.q.SchedulerFactoryBean [main] Shutting down Quartz Scheduler
2023-04-05 02:14:13,905 INFO o.q.c.QuartzScheduler [main] Scheduler quartzScheduler_$_NON_CLUSTERED shutting down.
2023-04-05 02:14:13,905 INFO o.q.c.QuartzScheduler [main] Scheduler quartzScheduler_$_NON_CLUSTERED paused.
2023-04-05 02:14:13,906 INFO o.q.c.QuartzScheduler [main] Scheduler quartzScheduler_$_NON_CLUSTERED shutdown complete.
2023-04-05 02:14:13,908 INFO c.a.d.p.DruidDataSource [main] {dataSource-0} closing ...
2023-04-05 02:14:13,909 INFO c.a.d.p.DruidDataSource [main] {dataSource-1} closing ...
2023-04-05 02:14:13,922 INFO c.a.d.p.DruidDataSource [main] {dataSource-1} closed
2023-04-05 02:14:13,927 INFO o.a.j.l.DirectJDKLog [main] Pausing ProtocolHandler ["http-nio-8000"]
2023-04-05 02:14:13,928 INFO o.a.j.l.DirectJDKLog [main] Stopping service [Tomcat]
2023-04-05 02:14:13,951 INFO o.a.j.l.DirectJDKLog [main] Stopping ProtocolHandler ["http-nio-8000"]
2023-04-05 02:14:13,952 INFO o.a.j.l.DirectJDKLog [main] Destroying ProtocolHandler ["http-nio-8000"]
2023-04-05 02:14:13,963 INFO o.s.b.a.l.ConditionEvaluationReportLoggingListener [main] 

Error starting ApplicationContext. To display the conditions report re-run your application with 'debug' enabled.
2023-04-05 02:17:35,947 INFO o.h.v.i.u.Version [background-preinit] HV000001: Hibernate Validator 5.3.5.Final
2023-04-05 02:17:36,006 INFO o.s.b.StartupInfoLogger [main] Starting BroadApplication v2.0.0 using Java 17.0.6 on XingGao_Mini with PID 14128 (C:\Users\10322\Desktop\demo\broad-admin.jar started by 10322 in C:\Users\10322\Desktop\demo)
2023-04-05 02:17:36,014 INFO o.s.b.SpringApplication [main] The following 2 profiles are active: "druid", "dev"
2023-04-05 02:17:40,194 INFO o.s.b.w.e.t.TomcatWebServer [main] Tomcat initialized with port(s): 8000 (http)
2023-04-05 02:17:40,213 INFO o.a.j.l.DirectJDKLog [main] Initializing ProtocolHandler ["http-nio-8000"]
2023-04-05 02:17:40,214 INFO o.a.j.l.DirectJDKLog [main] Starting service [Tomcat]
2023-04-05 02:17:40,215 INFO o.a.j.l.DirectJDKLog [main] Starting Servlet engine: [Apache Tomcat/9.0.64]
2023-04-05 02:17:40,379 INFO o.a.j.l.DirectJDKLog [main] Initializing Spring embedded WebApplicationContext
2023-04-05 02:17:40,380 INFO o.s.b.w.s.c.ServletWebServerApplicationContext [main] Root WebApplicationContext: initialization completed in 4251 ms
2023-04-05 02:17:40,430 INFO c.b.f.c.FilterConfig [main] xss filter is inited.
2023-04-05 02:17:41,535 INFO o.q.i.StdSchedulerFactory [main] Using default implementation for ThreadExecutor
2023-04-05 02:17:41,611 INFO o.q.c.SchedulerSignalerImpl [main] Initialized Scheduler Signaller of type: class org.quartz.core.SchedulerSignalerImpl
2023-04-05 02:17:41,611 INFO o.q.c.QuartzScheduler [main] Quartz Scheduler v.2.3.2 created.
2023-04-05 02:17:41,621 INFO o.q.s.RAMJobStore [main] RAMJobStore initialized.
2023-04-05 02:17:41,625 INFO o.q.c.QuartzScheduler [main] Scheduler meta-data: Quartz Scheduler (v2.3.2) 'quartzScheduler' with instanceId 'NON_CLUSTERED'
  Scheduler class: 'org.quartz.core.QuartzScheduler' - running locally.
  NOT STARTED.
  Currently in standby mode.
  Number of jobs executed: 0
  Using thread pool 'org.quartz.simpl.SimpleThreadPool' - with 10 threads.
  Using job-store 'org.quartz.simpl.RAMJobStore' - which does not support persistence. and is not clustered.

2023-04-05 02:17:41,625 INFO o.q.i.StdSchedulerFactory [main] Quartz scheduler 'quartzScheduler' initialized from an externally provided properties instance.
2023-04-05 02:17:41,626 INFO o.q.i.StdSchedulerFactory [main] Quartz scheduler version: 2.3.2
2023-04-05 02:17:41,626 INFO o.q.c.QuartzScheduler [main] JobFactory set to: org.springframework.scheduling.quartz.SpringBeanJobFactory@320494b6
2023-04-05 02:17:44,256 INFO c.a.d.p.DruidDataSource [main] {dataSource-1} inited
2023-04-05 02:17:51,403 INFO c.b.f.c.ThreadPoolConfig [main] start asyncServiceExecutor...
2023-04-05 02:17:52,124 INFO c.b.f.s.SaLogForSlf4j [main] 全局组件 SaLog 载入成功: com.broad.framework.security.SaLogForSlf4j
2023-04-05 02:17:52,124 INFO c.b.f.s.SaLogForSlf4j [main] 全局配置 SaTokenConfig [tokenName=Authorization, timeout=2592000, activityTimeout=-1, isConcurrent=false, isShare=false, maxLoginCount=12, isReadBody=false, isReadHeader=true, isReadCookie=false, isWriteHeader=false, tokenStyle=uuid, dataRefreshPeriod=30, tokenSessionCheckLogin=true, autoRenew=true, tokenPrefix=null, isPrint=false, isLog=true, logLevel=trace, logLevelInt=1, jwtSecretKey=null, basic=, currDomain=null, sameTokenTimeout=86400, checkSameToken=false, cookie=SaCookieConfig [domain=null, path=null, secure=false, httpOnly=false, sameSite=null]] 
2023-04-05 02:17:52,131 INFO c.b.f.s.SaLogForSlf4j [main] 全局组件 StpInterface 载入成功: com.broad.framework.security.StpInterfaceImpl
2023-04-05 02:17:52,132 INFO c.b.f.s.SaLogForSlf4j [main] 全局组件 SaTokenDao 载入成功: cn.dev33.satoken.dao.SaTokenDaoRedisFastjson2
2023-04-05 02:17:52,139 INFO c.b.f.s.SaLogForSlf4j [main] 全局组件 SaTokenContext 载入成功: cn.dev33.satoken.spring.SaTokenContextForSpring
2023-04-05 02:17:52,143 INFO c.b.f.s.SaLogForSlf4j [main] 全局组件 SaJsonTemplate 载入成功: cn.dev33.satoken.spring.json.SaJsonTemplateForJackson
2023-04-05 02:17:52,789 INFO o.a.j.l.DirectJDKLog [main] Starting ProtocolHandler ["http-nio-8000"]
2023-04-05 02:17:52,846 INFO o.s.s.q.SchedulerFactoryBean [main] Shutting down Quartz Scheduler
2023-04-05 02:17:52,846 INFO o.q.c.QuartzScheduler [main] Scheduler quartzScheduler_$_NON_CLUSTERED shutting down.
2023-04-05 02:17:52,847 INFO o.q.c.QuartzScheduler [main] Scheduler quartzScheduler_$_NON_CLUSTERED paused.
2023-04-05 02:17:52,848 INFO o.q.c.QuartzScheduler [main] Scheduler quartzScheduler_$_NON_CLUSTERED shutdown complete.
2023-04-05 02:17:52,848 INFO c.a.d.p.DruidDataSource [main] {dataSource-0} closing ...
2023-04-05 02:17:52,849 INFO c.a.d.p.DruidDataSource [main] {dataSource-1} closing ...
2023-04-05 02:17:52,859 INFO c.a.d.p.DruidDataSource [main] {dataSource-1} closed
2023-04-05 02:17:52,866 INFO o.a.j.l.DirectJDKLog [main] Pausing ProtocolHandler ["http-nio-8000"]
2023-04-05 02:17:52,867 INFO o.a.j.l.DirectJDKLog [main] Stopping service [Tomcat]
2023-04-05 02:17:52,892 INFO o.a.j.l.DirectJDKLog [main] Stopping ProtocolHandler ["http-nio-8000"]
2023-04-05 02:17:52,893 INFO o.a.j.l.DirectJDKLog [main] Destroying ProtocolHandler ["http-nio-8000"]
2023-04-05 02:17:52,906 INFO o.s.b.a.l.ConditionEvaluationReportLoggingListener [main] 

Error starting ApplicationContext. To display the conditions report re-run your application with 'debug' enabled.
2023-04-05 02:23:52,367 INFO o.h.v.i.u.Version [background-preinit] HV000001: Hibernate Validator 5.3.5.Final
2023-04-05 02:23:52,438 INFO o.s.b.StartupInfoLogger [main] Starting BroadApplication v2.0.0 using Java 17.0.6 on XingGao_Mini with PID 14700 (C:\Users\10322\Desktop\demo\broad-admin.jar started by 10322 in C:\Users\10322\Desktop\demo)
2023-04-05 02:23:52,447 INFO o.s.b.SpringApplication [main] The following 2 profiles are active: "druid", "dev"
2023-04-05 02:23:56,535 INFO o.s.b.w.e.t.TomcatWebServer [main] Tomcat initialized with port(s): 8000 (http)
2023-04-05 02:23:56,554 INFO o.a.j.l.DirectJDKLog [main] Initializing ProtocolHandler ["http-nio-8000"]
2023-04-05 02:23:56,555 INFO o.a.j.l.DirectJDKLog [main] Starting service [Tomcat]
2023-04-05 02:23:56,556 INFO o.a.j.l.DirectJDKLog [main] Starting Servlet engine: [Apache Tomcat/9.0.64]
2023-04-05 02:23:56,738 INFO o.a.j.l.DirectJDKLog [main] Initializing Spring embedded WebApplicationContext
2023-04-05 02:23:56,760 INFO o.s.b.w.s.c.ServletWebServerApplicationContext [main] Root WebApplicationContext: initialization completed in 4218 ms
2023-04-05 02:23:56,817 INFO c.b.f.c.FilterConfig [main] xss filter is inited.
2023-04-05 02:23:58,143 INFO o.q.i.StdSchedulerFactory [main] Using default implementation for ThreadExecutor
2023-04-05 02:23:58,171 INFO o.q.c.SchedulerSignalerImpl [main] Initialized Scheduler Signaller of type: class org.quartz.core.SchedulerSignalerImpl
2023-04-05 02:23:58,172 INFO o.q.c.QuartzScheduler [main] Quartz Scheduler v.2.3.2 created.
2023-04-05 02:23:58,174 INFO o.q.s.RAMJobStore [main] RAMJobStore initialized.
2023-04-05 02:23:58,175 INFO o.q.c.QuartzScheduler [main] Scheduler meta-data: Quartz Scheduler (v2.3.2) 'quartzScheduler' with instanceId 'NON_CLUSTERED'
  Scheduler class: 'org.quartz.core.QuartzScheduler' - running locally.
  NOT STARTED.
  Currently in standby mode.
  Number of jobs executed: 0
  Using thread pool 'org.quartz.simpl.SimpleThreadPool' - with 10 threads.
  Using job-store 'org.quartz.simpl.RAMJobStore' - which does not support persistence. and is not clustered.

2023-04-05 02:23:58,175 INFO o.q.i.StdSchedulerFactory [main] Quartz scheduler 'quartzScheduler' initialized from an externally provided properties instance.
2023-04-05 02:23:58,176 INFO o.q.i.StdSchedulerFactory [main] Quartz scheduler version: 2.3.2
2023-04-05 02:23:58,176 INFO o.q.c.QuartzScheduler [main] JobFactory set to: org.springframework.scheduling.quartz.SpringBeanJobFactory@5754de72
2023-04-05 02:24:00,705 INFO c.a.d.p.DruidDataSource [main] {dataSource-1} inited
2023-04-05 02:24:08,578 INFO c.b.f.c.ThreadPoolConfig [main] start asyncServiceExecutor...
2023-04-05 02:24:09,776 INFO c.b.f.s.SaLogForSlf4j [main] 全局组件 SaLog 载入成功: com.broad.framework.security.SaLogForSlf4j
2023-04-05 02:24:09,779 INFO c.b.f.s.SaLogForSlf4j [main] 全局配置 SaTokenConfig [tokenName=Authorization, timeout=2592000, activityTimeout=-1, isConcurrent=false, isShare=false, maxLoginCount=12, isReadBody=false, isReadHeader=true, isReadCookie=false, isWriteHeader=false, tokenStyle=uuid, dataRefreshPeriod=30, tokenSessionCheckLogin=true, autoRenew=true, tokenPrefix=null, isPrint=false, isLog=true, logLevel=trace, logLevelInt=1, jwtSecretKey=null, basic=, currDomain=null, sameTokenTimeout=86400, checkSameToken=false, cookie=SaCookieConfig [domain=null, path=null, secure=false, httpOnly=false, sameSite=null]] 
2023-04-05 02:24:09,811 INFO c.b.f.s.SaLogForSlf4j [main] 全局组件 SaTokenDao 载入成功: cn.dev33.satoken.dao.SaTokenDaoRedisFastjson2
2023-04-05 02:24:09,820 INFO c.b.f.s.SaLogForSlf4j [main] 全局组件 SaTokenContext 载入成功: cn.dev33.satoken.spring.SaTokenContextForSpring
2023-04-05 02:24:09,828 INFO c.b.f.s.SaLogForSlf4j [main] 全局组件 SaJsonTemplate 载入成功: cn.dev33.satoken.spring.json.SaJsonTemplateForJackson
2023-04-05 02:24:09,832 INFO c.b.f.s.SaLogForSlf4j [main] 全局组件 StpInterface 载入成功: com.broad.framework.security.StpInterfaceImpl
2023-04-05 02:24:10,013 INFO o.h.v.i.u.Version [background-preinit] HV000001: Hibernate Validator 5.3.5.Final
2023-04-05 02:24:10,096 INFO o.s.b.StartupInfoLogger [main] Starting BroadApplication v2.0.0 using Java 17.0.6 on XingGao_Mini with PID 23808 (C:\Users\10322\Desktop\demo\broad-admin.jar started by 10322 in C:\Users\10322\Desktop\demo)
2023-04-05 02:24:10,105 INFO o.s.b.SpringApplication [main] The following 2 profiles are active: "druid", "dev"
2023-04-05 02:24:10,658 INFO o.a.j.l.DirectJDKLog [main] Starting ProtocolHandler ["http-nio-8000"]
2023-04-05 02:24:10,737 INFO o.s.s.q.SchedulerFactoryBean [main] Shutting down Quartz Scheduler
2023-04-05 02:24:10,737 INFO o.q.c.QuartzScheduler [main] Scheduler quartzScheduler_$_NON_CLUSTERED shutting down.
2023-04-05 02:24:10,738 INFO o.q.c.QuartzScheduler [main] Scheduler quartzScheduler_$_NON_CLUSTERED paused.
2023-04-05 02:24:10,738 INFO o.q.c.QuartzScheduler [main] Scheduler quartzScheduler_$_NON_CLUSTERED shutdown complete.
2023-04-05 02:24:10,739 INFO c.a.d.p.DruidDataSource [main] {dataSource-0} closing ...
2023-04-05 02:24:10,740 INFO c.a.d.p.DruidDataSource [main] {dataSource-1} closing ...
2023-04-05 02:24:10,761 INFO c.a.d.p.DruidDataSource [main] {dataSource-1} closed
2023-04-05 02:24:10,770 INFO o.a.j.l.DirectJDKLog [main] Pausing ProtocolHandler ["http-nio-8000"]
2023-04-05 02:24:10,770 INFO o.a.j.l.DirectJDKLog [main] Stopping service [Tomcat]
2023-04-05 02:24:10,807 INFO o.a.j.l.DirectJDKLog [main] Stopping ProtocolHandler ["http-nio-8000"]
2023-04-05 02:24:10,809 INFO o.a.j.l.DirectJDKLog [main] Destroying ProtocolHandler ["http-nio-8000"]
2023-04-05 02:24:10,824 INFO o.s.b.a.l.ConditionEvaluationReportLoggingListener [main] 

Error starting ApplicationContext. To display the conditions report re-run your application with 'debug' enabled.
2023-04-05 02:24:14,772 INFO o.s.b.w.e.t.TomcatWebServer [main] Tomcat initialized with port(s): 8000 (http)
2023-04-05 02:24:14,793 INFO o.a.j.l.DirectJDKLog [main] Initializing ProtocolHandler ["http-nio-8000"]
2023-04-05 02:24:14,794 INFO o.a.j.l.DirectJDKLog [main] Starting service [Tomcat]
2023-04-05 02:24:14,795 INFO o.a.j.l.DirectJDKLog [main] Starting Servlet engine: [Apache Tomcat/9.0.64]
2023-04-05 02:24:14,977 INFO o.a.j.l.DirectJDKLog [main] Initializing Spring embedded WebApplicationContext
2023-04-05 02:24:14,978 INFO o.s.b.w.s.c.ServletWebServerApplicationContext [main] Root WebApplicationContext: initialization completed in 4747 ms
2023-04-05 02:24:15,032 INFO c.b.f.c.FilterConfig [main] xss filter is inited.
2023-04-05 02:24:16,092 INFO o.q.i.StdSchedulerFactory [main] Using default implementation for ThreadExecutor
2023-04-05 02:24:16,201 INFO o.q.c.SchedulerSignalerImpl [main] Initialized Scheduler Signaller of type: class org.quartz.core.SchedulerSignalerImpl
2023-04-05 02:24:16,203 INFO o.q.c.QuartzScheduler [main] Quartz Scheduler v.2.3.2 created.
2023-04-05 02:24:16,215 INFO o.q.s.RAMJobStore [main] RAMJobStore initialized.
2023-04-05 02:24:16,221 INFO o.q.c.QuartzScheduler [main] Scheduler meta-data: Quartz Scheduler (v2.3.2) 'quartzScheduler' with instanceId 'NON_CLUSTERED'
  Scheduler class: 'org.quartz.core.QuartzScheduler' - running locally.
  NOT STARTED.
  Currently in standby mode.
  Number of jobs executed: 0
  Using thread pool 'org.quartz.simpl.SimpleThreadPool' - with 10 threads.
  Using job-store 'org.quartz.simpl.RAMJobStore' - which does not support persistence. and is not clustered.

2023-04-05 02:24:16,222 INFO o.q.i.StdSchedulerFactory [main] Quartz scheduler 'quartzScheduler' initialized from an externally provided properties instance.
2023-04-05 02:24:16,223 INFO o.q.i.StdSchedulerFactory [main] Quartz scheduler version: 2.3.2
2023-04-05 02:24:16,223 INFO o.q.c.QuartzScheduler [main] JobFactory set to: org.springframework.scheduling.quartz.SpringBeanJobFactory@5754de72
2023-04-05 02:24:18,414 INFO c.a.d.p.DruidDataSource [main] {dataSource-1} inited
2023-04-05 02:24:19,342 INFO o.h.v.i.u.Version [background-preinit] HV000001: Hibernate Validator 5.3.5.Final
2023-04-05 02:24:19,420 INFO o.s.b.StartupInfoLogger [main] Starting BroadApplication v2.0.0 using Java 17.0.6 on XingGao_Mini with PID 1668 (C:\Users\10322\Desktop\demo\broad-admin.jar started by 10322 in C:\Users\10322\Desktop\demo)
2023-04-05 02:24:19,427 INFO o.s.b.SpringApplication [main] The following 2 profiles are active: "druid", "dev"
2023-04-05 02:24:25,171 INFO o.s.b.w.e.t.TomcatWebServer [main] Tomcat initialized with port(s): 8000 (http)
2023-04-05 02:24:25,201 INFO o.a.j.l.DirectJDKLog [main] Initializing ProtocolHandler ["http-nio-8000"]
2023-04-05 02:24:25,203 INFO o.a.j.l.DirectJDKLog [main] Starting service [Tomcat]
2023-04-05 02:24:25,204 INFO o.a.j.l.DirectJDKLog [main] Starting Servlet engine: [Apache Tomcat/9.0.64]
2023-04-05 02:24:25,469 INFO o.a.j.l.DirectJDKLog [main] Initializing Spring embedded WebApplicationContext
2023-04-05 02:24:25,470 INFO o.s.b.w.s.c.ServletWebServerApplicationContext [main] Root WebApplicationContext: initialization completed in 5931 ms
2023-04-05 02:24:25,524 INFO c.b.f.c.FilterConfig [main] xss filter is inited.
2023-04-05 02:24:26,022 INFO c.b.f.c.ThreadPoolConfig [main] start asyncServiceExecutor...
2023-04-05 02:24:26,906 INFO o.q.i.StdSchedulerFactory [main] Using default implementation for ThreadExecutor
2023-04-05 02:24:26,953 INFO c.b.f.s.SaLogForSlf4j [main] 全局组件 SaLog 载入成功: com.broad.framework.security.SaLogForSlf4j
2023-04-05 02:24:26,954 INFO c.b.f.s.SaLogForSlf4j [main] 全局配置 SaTokenConfig [tokenName=Authorization, timeout=2592000, activityTimeout=-1, isConcurrent=false, isShare=false, maxLoginCount=12, isReadBody=false, isReadHeader=true, isReadCookie=false, isWriteHeader=false, tokenStyle=uuid, dataRefreshPeriod=30, tokenSessionCheckLogin=true, autoRenew=true, tokenPrefix=null, isPrint=false, isLog=true, logLevel=trace, logLevelInt=1, jwtSecretKey=null, basic=, currDomain=null, sameTokenTimeout=86400, checkSameToken=false, cookie=SaCookieConfig [domain=null, path=null, secure=false, httpOnly=false, sameSite=null]] 
2023-04-05 02:24:26,968 INFO c.b.f.s.SaLogForSlf4j [main] 全局组件 SaTokenDao 载入成功: cn.dev33.satoken.dao.SaTokenDaoRedisFastjson2
2023-04-05 02:24:26,970 INFO c.b.f.s.SaLogForSlf4j [main] 全局组件 StpInterface 载入成功: com.broad.framework.security.StpInterfaceImpl
2023-04-05 02:24:26,975 INFO o.q.c.SchedulerSignalerImpl [main] Initialized Scheduler Signaller of type: class org.quartz.core.SchedulerSignalerImpl
2023-04-05 02:24:26,975 INFO o.q.c.QuartzScheduler [main] Quartz Scheduler v.2.3.2 created.
2023-04-05 02:24:26,978 INFO o.q.s.RAMJobStore [main] RAMJobStore initialized.
2023-04-05 02:24:26,978 INFO c.b.f.s.SaLogForSlf4j [main] 全局组件 SaTokenContext 载入成功: cn.dev33.satoken.spring.SaTokenContextForSpring
2023-04-05 02:24:26,981 INFO o.q.c.QuartzScheduler [main] Scheduler meta-data: Quartz Scheduler (v2.3.2) 'quartzScheduler' with instanceId 'NON_CLUSTERED'
  Scheduler class: 'org.quartz.core.QuartzScheduler' - running locally.
  NOT STARTED.
  Currently in standby mode.
  Number of jobs executed: 0
  Using thread pool 'org.quartz.simpl.SimpleThreadPool' - with 10 threads.
  Using job-store 'org.quartz.simpl.RAMJobStore' - which does not support persistence. and is not clustered.

2023-04-05 02:24:26,981 INFO c.b.f.s.SaLogForSlf4j [main] 全局组件 SaJsonTemplate 载入成功: cn.dev33.satoken.spring.json.SaJsonTemplateForJackson
2023-04-05 02:24:26,981 INFO o.q.i.StdSchedulerFactory [main] Quartz scheduler 'quartzScheduler' initialized from an externally provided properties instance.
2023-04-05 02:24:26,982 INFO o.q.i.StdSchedulerFactory [main] Quartz scheduler version: 2.3.2
2023-04-05 02:24:26,982 INFO o.q.c.QuartzScheduler [main] JobFactory set to: org.springframework.scheduling.quartz.SpringBeanJobFactory@5754de72
2023-04-05 02:24:27,744 INFO o.a.j.l.DirectJDKLog [main] Starting ProtocolHandler ["http-nio-8000"]
2023-04-05 02:24:27,853 INFO o.s.s.q.SchedulerFactoryBean [main] Shutting down Quartz Scheduler
2023-04-05 02:24:27,854 INFO o.q.c.QuartzScheduler [main] Scheduler quartzScheduler_$_NON_CLUSTERED shutting down.
2023-04-05 02:24:27,854 INFO o.q.c.QuartzScheduler [main] Scheduler quartzScheduler_$_NON_CLUSTERED paused.
2023-04-05 02:24:27,854 INFO o.q.c.QuartzScheduler [main] Scheduler quartzScheduler_$_NON_CLUSTERED shutdown complete.
2023-04-05 02:24:27,857 INFO c.a.d.p.DruidDataSource [main] {dataSource-0} closing ...
2023-04-05 02:24:27,858 INFO c.a.d.p.DruidDataSource [main] {dataSource-1} closing ...
2023-04-05 02:24:27,874 INFO c.a.d.p.DruidDataSource [main] {dataSource-1} closed
2023-04-05 02:24:27,881 INFO o.a.j.l.DirectJDKLog [main] Pausing ProtocolHandler ["http-nio-8000"]
2023-04-05 02:24:27,882 INFO o.a.j.l.DirectJDKLog [main] Stopping service [Tomcat]
2023-04-05 02:24:27,899 INFO o.a.j.l.DirectJDKLog [main] Stopping ProtocolHandler ["http-nio-8000"]
2023-04-05 02:24:27,900 INFO o.a.j.l.DirectJDKLog [main] Destroying ProtocolHandler ["http-nio-8000"]
2023-04-05 02:24:27,911 INFO o.s.b.a.l.ConditionEvaluationReportLoggingListener [main] 

Error starting ApplicationContext. To display the conditions report re-run your application with 'debug' enabled.
2023-04-05 02:24:29,361 INFO c.a.d.p.DruidDataSource [main] {dataSource-1} inited
2023-04-05 02:24:36,365 INFO c.b.f.c.ThreadPoolConfig [main] start asyncServiceExecutor...
2023-04-05 02:24:37,297 INFO c.b.f.s.SaLogForSlf4j [main] 全局组件 SaLog 载入成功: com.broad.framework.security.SaLogForSlf4j
2023-04-05 02:24:37,298 INFO c.b.f.s.SaLogForSlf4j [main] 全局配置 SaTokenConfig [tokenName=Authorization, timeout=2592000, activityTimeout=-1, isConcurrent=false, isShare=false, maxLoginCount=12, isReadBody=false, isReadHeader=true, isReadCookie=false, isWriteHeader=false, tokenStyle=uuid, dataRefreshPeriod=30, tokenSessionCheckLogin=true, autoRenew=true, tokenPrefix=null, isPrint=false, isLog=true, logLevel=trace, logLevelInt=1, jwtSecretKey=null, basic=, currDomain=null, sameTokenTimeout=86400, checkSameToken=false, cookie=SaCookieConfig [domain=null, path=null, secure=false, httpOnly=false, sameSite=null]] 
2023-04-05 02:24:37,312 INFO c.b.f.s.SaLogForSlf4j [main] 全局组件 SaTokenContext 载入成功: cn.dev33.satoken.spring.SaTokenContextForSpring
2023-04-05 02:24:37,314 INFO c.b.f.s.SaLogForSlf4j [main] 全局组件 StpInterface 载入成功: com.broad.framework.security.StpInterfaceImpl
2023-04-05 02:24:37,317 INFO c.b.f.s.SaLogForSlf4j [main] 全局组件 SaJsonTemplate 载入成功: cn.dev33.satoken.spring.json.SaJsonTemplateForJackson
2023-04-05 02:24:37,319 INFO c.b.f.s.SaLogForSlf4j [main] 全局组件 SaTokenDao 载入成功: cn.dev33.satoken.dao.SaTokenDaoRedisFastjson2
2023-04-05 02:24:37,886 INFO o.a.j.l.DirectJDKLog [main] Starting ProtocolHandler ["http-nio-8000"]
2023-04-05 02:24:37,941 INFO o.s.s.q.SchedulerFactoryBean [main] Shutting down Quartz Scheduler
2023-04-05 02:24:37,941 INFO o.q.c.QuartzScheduler [main] Scheduler quartzScheduler_$_NON_CLUSTERED shutting down.
2023-04-05 02:24:37,941 INFO o.q.c.QuartzScheduler [main] Scheduler quartzScheduler_$_NON_CLUSTERED paused.
2023-04-05 02:24:37,942 INFO o.q.c.QuartzScheduler [main] Scheduler quartzScheduler_$_NON_CLUSTERED shutdown complete.
2023-04-05 02:24:37,943 INFO c.a.d.p.DruidDataSource [main] {dataSource-0} closing ...
2023-04-05 02:24:37,943 INFO c.a.d.p.DruidDataSource [main] {dataSource-1} closing ...
2023-04-05 02:24:37,963 INFO c.a.d.p.DruidDataSource [main] {dataSource-1} closed
2023-04-05 02:24:37,970 INFO o.a.j.l.DirectJDKLog [main] Pausing ProtocolHandler ["http-nio-8000"]
2023-04-05 02:24:37,971 INFO o.a.j.l.DirectJDKLog [main] Stopping service [Tomcat]
2023-04-05 02:24:37,995 INFO o.a.j.l.DirectJDKLog [main] Stopping ProtocolHandler ["http-nio-8000"]
2023-04-05 02:24:37,996 INFO o.a.j.l.DirectJDKLog [main] Destroying ProtocolHandler ["http-nio-8000"]
2023-04-05 02:24:38,007 INFO o.s.b.a.l.ConditionEvaluationReportLoggingListener [main] 

Error starting ApplicationContext. To display the conditions report re-run your application with 'debug' enabled.
2023-04-05 02:24:40,281 INFO o.h.v.i.u.Version [background-preinit] HV000001: Hibernate Validator 5.3.5.Final
2023-04-05 02:24:40,352 INFO o.s.b.StartupInfoLogger [main] Starting BroadApplication v2.0.0 using Java 17.0.6 on XingGao_Mini with PID 27076 (C:\Users\10322\Desktop\demo\broad-admin.jar started by 10322 in C:\Users\10322\Desktop\demo)
2023-04-05 02:24:40,361 INFO o.s.b.SpringApplication [main] The following 2 profiles are active: "druid", "dev"
2023-04-05 02:24:44,187 INFO o.s.b.w.e.t.TomcatWebServer [main] Tomcat initialized with port(s): 8000 (http)
2023-04-05 02:24:44,200 INFO o.a.j.l.DirectJDKLog [main] Initializing ProtocolHandler ["http-nio-8000"]
2023-04-05 02:24:44,201 INFO o.a.j.l.DirectJDKLog [main] Starting service [Tomcat]
2023-04-05 02:24:44,201 INFO o.a.j.l.DirectJDKLog [main] Starting Servlet engine: [Apache Tomcat/9.0.64]
2023-04-05 02:24:44,366 INFO o.a.j.l.DirectJDKLog [main] Initializing Spring embedded WebApplicationContext
2023-04-05 02:24:44,366 INFO o.s.b.w.s.c.ServletWebServerApplicationContext [main] Root WebApplicationContext: initialization completed in 3912 ms
2023-04-05 02:24:44,424 INFO c.b.f.c.FilterConfig [main] xss filter is inited.
2023-04-05 02:24:45,447 INFO o.q.i.StdSchedulerFactory [main] Using default implementation for ThreadExecutor
2023-04-05 02:24:45,531 INFO o.q.c.SchedulerSignalerImpl [main] Initialized Scheduler Signaller of type: class org.quartz.core.SchedulerSignalerImpl
2023-04-05 02:24:45,532 INFO o.q.c.QuartzScheduler [main] Quartz Scheduler v.2.3.2 created.
2023-04-05 02:24:45,540 INFO o.q.s.RAMJobStore [main] RAMJobStore initialized.
2023-04-05 02:24:45,544 INFO o.q.c.QuartzScheduler [main] Scheduler meta-data: Quartz Scheduler (v2.3.2) 'quartzScheduler' with instanceId 'NON_CLUSTERED'
  Scheduler class: 'org.quartz.core.QuartzScheduler' - running locally.
  NOT STARTED.
  Currently in standby mode.
  Number of jobs executed: 0
  Using thread pool 'org.quartz.simpl.SimpleThreadPool' - with 10 threads.
  Using job-store 'org.quartz.simpl.RAMJobStore' - which does not support persistence. and is not clustered.

2023-04-05 02:24:45,545 INFO o.q.i.StdSchedulerFactory [main] Quartz scheduler 'quartzScheduler' initialized from an externally provided properties instance.
2023-04-05 02:24:45,545 INFO o.q.i.StdSchedulerFactory [main] Quartz scheduler version: 2.3.2
2023-04-05 02:24:45,546 INFO o.q.c.QuartzScheduler [main] JobFactory set to: org.springframework.scheduling.quartz.SpringBeanJobFactory@320494b6
2023-04-05 02:24:47,673 INFO c.a.d.p.DruidDataSource [main] {dataSource-1} inited
2023-04-05 02:24:54,981 INFO c.b.f.c.ThreadPoolConfig [main] start asyncServiceExecutor...
2023-04-05 02:24:55,735 INFO c.b.f.s.SaLogForSlf4j [main] 全局组件 SaLog 载入成功: com.broad.framework.security.SaLogForSlf4j
2023-04-05 02:24:55,747 INFO c.b.f.s.SaLogForSlf4j [main] 全局配置 SaTokenConfig [tokenName=Authorization, timeout=2592000, activityTimeout=-1, isConcurrent=false, isShare=false, maxLoginCount=12, isReadBody=false, isReadHeader=true, isReadCookie=false, isWriteHeader=false, tokenStyle=uuid, dataRefreshPeriod=30, tokenSessionCheckLogin=true, autoRenew=true, tokenPrefix=null, isPrint=false, isLog=true, logLevel=trace, logLevelInt=1, jwtSecretKey=null, basic=, currDomain=null, sameTokenTimeout=86400, checkSameToken=false, cookie=SaCookieConfig [domain=null, path=null, secure=false, httpOnly=false, sameSite=null]] 
2023-04-05 02:24:55,778 INFO c.b.f.s.SaLogForSlf4j [main] 全局组件 StpInterface 载入成功: com.broad.framework.security.StpInterfaceImpl
2023-04-05 02:24:55,794 INFO c.b.f.s.SaLogForSlf4j [main] 全局组件 SaJsonTemplate 载入成功: cn.dev33.satoken.spring.json.SaJsonTemplateForJackson
2023-04-05 02:24:55,804 INFO c.b.f.s.SaLogForSlf4j [main] 全局组件 SaTokenContext 载入成功: cn.dev33.satoken.spring.SaTokenContextForSpring
2023-04-05 02:24:55,806 INFO c.b.f.s.SaLogForSlf4j [main] 全局组件 SaTokenDao 载入成功: cn.dev33.satoken.dao.SaTokenDaoRedisFastjson2
2023-04-05 02:24:56,594 INFO o.a.j.l.DirectJDKLog [main] Starting ProtocolHandler ["http-nio-8000"]
2023-04-05 02:24:56,680 INFO o.s.s.q.SchedulerFactoryBean [main] Shutting down Quartz Scheduler
2023-04-05 02:24:56,680 INFO o.q.c.QuartzScheduler [main] Scheduler quartzScheduler_$_NON_CLUSTERED shutting down.
2023-04-05 02:24:56,681 INFO o.q.c.QuartzScheduler [main] Scheduler quartzScheduler_$_NON_CLUSTERED paused.
2023-04-05 02:24:56,681 INFO o.q.c.QuartzScheduler [main] Scheduler quartzScheduler_$_NON_CLUSTERED shutdown complete.
2023-04-05 02:24:56,682 INFO c.a.d.p.DruidDataSource [main] {dataSource-0} closing ...
2023-04-05 02:24:56,683 INFO c.a.d.p.DruidDataSource [main] {dataSource-1} closing ...
2023-04-05 02:24:56,695 INFO c.a.d.p.DruidDataSource [main] {dataSource-1} closed
2023-04-05 02:24:56,703 INFO o.a.j.l.DirectJDKLog [main] Pausing ProtocolHandler ["http-nio-8000"]
2023-04-05 02:24:56,704 INFO o.a.j.l.DirectJDKLog [main] Stopping service [Tomcat]
2023-04-05 02:24:56,733 INFO o.a.j.l.DirectJDKLog [main] Stopping ProtocolHandler ["http-nio-8000"]
2023-04-05 02:24:56,737 INFO o.a.j.l.DirectJDKLog [main] Destroying ProtocolHandler ["http-nio-8000"]
2023-04-05 02:24:56,750 INFO o.s.b.a.l.ConditionEvaluationReportLoggingListener [main] 

Error starting ApplicationContext. To display the conditions report re-run your application with 'debug' enabled.
2023-04-05 02:25:00,996 INFO o.h.v.i.u.Version [background-preinit] HV000001: Hibernate Validator 5.3.5.Final
2023-04-05 02:25:01,067 INFO o.s.b.StartupInfoLogger [main] Starting BroadApplication v2.0.0 using Java 17.0.6 on XingGao_Mini with PID 24596 (C:\Users\10322\Desktop\demo\broad-admin.jar started by 10322 in C:\Users\10322\Desktop\demo)
2023-04-05 02:25:01,074 INFO o.s.b.SpringApplication [main] The following 2 profiles are active: "druid", "dev"
2023-04-05 02:25:05,601 INFO o.s.b.w.e.t.TomcatWebServer [main] Tomcat initialized with port(s): 8000 (http)
2023-04-05 02:25:05,631 INFO o.a.j.l.DirectJDKLog [main] Initializing ProtocolHandler ["http-nio-8000"]
2023-04-05 02:25:05,632 INFO o.a.j.l.DirectJDKLog [main] Starting service [Tomcat]
2023-04-05 02:25:05,634 INFO o.a.j.l.DirectJDKLog [main] Starting Servlet engine: [Apache Tomcat/9.0.64]
2023-04-05 02:25:05,837 INFO o.a.j.l.DirectJDKLog [main] Initializing Spring embedded WebApplicationContext
2023-04-05 02:25:05,839 INFO o.s.b.w.s.c.ServletWebServerApplicationContext [main] Root WebApplicationContext: initialization completed in 4646 ms
2023-04-05 02:25:05,890 INFO c.b.f.c.FilterConfig [main] xss filter is inited.
2023-04-05 02:25:07,134 INFO o.q.i.StdSchedulerFactory [main] Using default implementation for ThreadExecutor
2023-04-05 02:25:07,193 INFO o.q.c.SchedulerSignalerImpl [main] Initialized Scheduler Signaller of type: class org.quartz.core.SchedulerSignalerImpl
2023-04-05 02:25:07,194 INFO o.q.c.QuartzScheduler [main] Quartz Scheduler v.2.3.2 created.
2023-04-05 02:25:07,197 INFO o.q.s.RAMJobStore [main] RAMJobStore initialized.
2023-04-05 02:25:07,199 INFO o.q.c.QuartzScheduler [main] Scheduler meta-data: Quartz Scheduler (v2.3.2) 'quartzScheduler' with instanceId 'NON_CLUSTERED'
  Scheduler class: 'org.quartz.core.QuartzScheduler' - running locally.
  NOT STARTED.
  Currently in standby mode.
  Number of jobs executed: 0
  Using thread pool 'org.quartz.simpl.SimpleThreadPool' - with 10 threads.
  Using job-store 'org.quartz.simpl.RAMJobStore' - which does not support persistence. and is not clustered.

2023-04-05 02:25:07,199 INFO o.q.i.StdSchedulerFactory [main] Quartz scheduler 'quartzScheduler' initialized from an externally provided properties instance.
2023-04-05 02:25:07,203 INFO o.q.i.StdSchedulerFactory [main] Quartz scheduler version: 2.3.2
2023-04-05 02:25:07,203 INFO o.q.c.QuartzScheduler [main] JobFactory set to: org.springframework.scheduling.quartz.SpringBeanJobFactory@652ab8d9
2023-04-05 02:25:11,929 INFO c.a.d.p.DruidDataSource [main] {dataSource-1} inited
2023-04-05 02:25:22,745 INFO c.b.f.c.ThreadPoolConfig [main] start asyncServiceExecutor...
2023-04-05 02:25:24,342 INFO c.b.f.s.SaLogForSlf4j [main] 全局组件 SaLog 载入成功: com.broad.framework.security.SaLogForSlf4j
2023-04-05 02:25:24,345 INFO c.b.f.s.SaLogForSlf4j [main] 全局配置 SaTokenConfig [tokenName=Authorization, timeout=2592000, activityTimeout=-1, isConcurrent=false, isShare=false, maxLoginCount=12, isReadBody=false, isReadHeader=true, isReadCookie=false, isWriteHeader=false, tokenStyle=uuid, dataRefreshPeriod=30, tokenSessionCheckLogin=true, autoRenew=true, tokenPrefix=null, isPrint=false, isLog=true, logLevel=trace, logLevelInt=1, jwtSecretKey=null, basic=, currDomain=null, sameTokenTimeout=86400, checkSameToken=false, cookie=SaCookieConfig [domain=null, path=null, secure=false, httpOnly=false, sameSite=null]] 
2023-04-05 02:25:24,366 INFO c.b.f.s.SaLogForSlf4j [main] 全局组件 StpInterface 载入成功: com.broad.framework.security.StpInterfaceImpl
2023-04-05 02:25:24,375 INFO c.b.f.s.SaLogForSlf4j [main] 全局组件 SaTokenContext 载入成功: cn.dev33.satoken.spring.SaTokenContextForSpring
2023-04-05 02:25:24,381 INFO c.b.f.s.SaLogForSlf4j [main] 全局组件 SaTokenDao 载入成功: cn.dev33.satoken.dao.SaTokenDaoRedisFastjson2
2023-04-05 02:25:24,415 INFO c.b.f.s.SaLogForSlf4j [main] 全局组件 SaJsonTemplate 载入成功: cn.dev33.satoken.spring.json.SaJsonTemplateForJackson
2023-04-05 02:25:25,371 INFO o.a.j.l.DirectJDKLog [main] Starting ProtocolHandler ["http-nio-8000"]
2023-04-05 02:25:25,447 INFO o.s.s.q.SchedulerFactoryBean [main] Shutting down Quartz Scheduler
2023-04-05 02:25:25,448 INFO o.q.c.QuartzScheduler [main] Scheduler quartzScheduler_$_NON_CLUSTERED shutting down.
2023-04-05 02:25:25,448 INFO o.q.c.QuartzScheduler [main] Scheduler quartzScheduler_$_NON_CLUSTERED paused.
2023-04-05 02:25:25,449 INFO o.q.c.QuartzScheduler [main] Scheduler quartzScheduler_$_NON_CLUSTERED shutdown complete.
2023-04-05 02:25:25,451 INFO c.a.d.p.DruidDataSource [main] {dataSource-0} closing ...
2023-04-05 02:25:25,451 INFO c.a.d.p.DruidDataSource [main] {dataSource-1} closing ...
2023-04-05 02:25:25,461 INFO c.a.d.p.DruidDataSource [main] {dataSource-1} closed
2023-04-05 02:25:25,467 INFO o.a.j.l.DirectJDKLog [main] Pausing ProtocolHandler ["http-nio-8000"]
2023-04-05 02:25:25,468 INFO o.a.j.l.DirectJDKLog [main] Stopping service [Tomcat]
2023-04-05 02:25:25,494 INFO o.a.j.l.DirectJDKLog [main] Stopping ProtocolHandler ["http-nio-8000"]
2023-04-05 02:25:25,496 INFO o.a.j.l.DirectJDKLog [main] Destroying ProtocolHandler ["http-nio-8000"]
2023-04-05 02:25:25,514 INFO o.s.b.a.l.ConditionEvaluationReportLoggingListener [main] 

Error starting ApplicationContext. To display the conditions report re-run your application with 'debug' enabled.
2023-04-05 02:28:40,297 INFO o.h.v.i.u.Version [background-preinit] HV000001: Hibernate Validator 5.3.5.Final
2023-04-05 02:28:40,380 INFO o.s.b.StartupInfoLogger [main] Starting BroadApplication v2.0.0 using Java 17.0.6 on XingGao_Mini with PID 3384 (C:\Users\10322\Desktop\demo\broad-admin.jar started by 10322 in C:\Users\10322\Desktop\demo)
2023-04-05 02:28:40,387 INFO o.s.b.SpringApplication [main] The following 2 profiles are active: "druid", "dev"
2023-04-05 02:28:44,878 INFO o.s.b.w.e.t.TomcatWebServer [main] Tomcat initialized with port(s): 8000 (http)
2023-04-05 02:28:44,892 INFO o.a.j.l.DirectJDKLog [main] Initializing ProtocolHandler ["http-nio-8000"]
2023-04-05 02:28:44,893 INFO o.a.j.l.DirectJDKLog [main] Starting service [Tomcat]
2023-04-05 02:28:44,894 INFO o.a.j.l.DirectJDKLog [main] Starting Servlet engine: [Apache Tomcat/9.0.64]
2023-04-05 02:28:45,014 INFO o.a.j.l.DirectJDKLog [main] Initializing Spring embedded WebApplicationContext
2023-04-05 02:28:45,015 INFO o.s.b.w.s.c.ServletWebServerApplicationContext [main] Root WebApplicationContext: initialization completed in 4539 ms
2023-04-05 02:28:45,058 INFO c.b.f.c.FilterConfig [main] xss filter is inited.
2023-04-05 02:28:46,532 INFO o.q.i.StdSchedulerFactory [main] Using default implementation for ThreadExecutor
2023-04-05 02:28:46,590 INFO o.q.c.SchedulerSignalerImpl [main] Initialized Scheduler Signaller of type: class org.quartz.core.SchedulerSignalerImpl
2023-04-05 02:28:46,590 INFO o.q.c.QuartzScheduler [main] Quartz Scheduler v.2.3.2 created.
2023-04-05 02:28:46,594 INFO o.q.s.RAMJobStore [main] RAMJobStore initialized.
2023-04-05 02:28:46,597 INFO o.q.c.QuartzScheduler [main] Scheduler meta-data: Quartz Scheduler (v2.3.2) 'quartzScheduler' with instanceId 'NON_CLUSTERED'
  Scheduler class: 'org.quartz.core.QuartzScheduler' - running locally.
  NOT STARTED.
  Currently in standby mode.
  Number of jobs executed: 0
  Using thread pool 'org.quartz.simpl.SimpleThreadPool' - with 10 threads.
  Using job-store 'org.quartz.simpl.RAMJobStore' - which does not support persistence. and is not clustered.

2023-04-05 02:28:46,597 INFO o.q.i.StdSchedulerFactory [main] Quartz scheduler 'quartzScheduler' initialized from an externally provided properties instance.
2023-04-05 02:28:46,598 INFO o.q.i.StdSchedulerFactory [main] Quartz scheduler version: 2.3.2
2023-04-05 02:28:46,598 INFO o.q.c.QuartzScheduler [main] JobFactory set to: org.springframework.scheduling.quartz.SpringBeanJobFactory@31ee96f4
2023-04-05 02:28:48,707 INFO c.a.d.p.DruidDataSource [main] {dataSource-1} inited
2023-04-05 02:28:55,957 INFO c.b.f.c.ThreadPoolConfig [main] start asyncServiceExecutor...
2023-04-05 02:28:56,742 INFO c.b.f.s.SaLogForSlf4j [main] 全局组件 SaLog 载入成功: com.broad.framework.security.SaLogForSlf4j
2023-04-05 02:28:56,742 INFO c.b.f.s.SaLogForSlf4j [main] 全局配置 SaTokenConfig [tokenName=Authorization, timeout=2592000, activityTimeout=-1, isConcurrent=false, isShare=false, maxLoginCount=12, isReadBody=false, isReadHeader=true, isReadCookie=false, isWriteHeader=false, tokenStyle=uuid, dataRefreshPeriod=30, tokenSessionCheckLogin=true, autoRenew=true, tokenPrefix=null, isPrint=false, isLog=true, logLevel=trace, logLevelInt=1, jwtSecretKey=null, basic=, currDomain=null, sameTokenTimeout=86400, checkSameToken=false, cookie=SaCookieConfig [domain=null, path=null, secure=false, httpOnly=false, sameSite=null]] 
2023-04-05 02:28:56,748 INFO c.b.f.s.SaLogForSlf4j [main] 全局组件 SaTokenDao 载入成功: cn.dev33.satoken.dao.SaTokenDaoRedisFastjson2
2023-04-05 02:28:56,752 INFO c.b.f.s.SaLogForSlf4j [main] 全局组件 SaTokenContext 载入成功: cn.dev33.satoken.spring.SaTokenContextForSpring
2023-04-05 02:28:56,754 INFO c.b.f.s.SaLogForSlf4j [main] 全局组件 StpInterface 载入成功: com.broad.framework.security.StpInterfaceImpl
2023-04-05 02:28:56,756 INFO c.b.f.s.SaLogForSlf4j [main] 全局组件 SaJsonTemplate 载入成功: cn.dev33.satoken.spring.json.SaJsonTemplateForJackson
2023-04-05 02:28:57,466 INFO o.a.j.l.DirectJDKLog [main] Starting ProtocolHandler ["http-nio-8000"]
2023-04-05 02:28:57,510 INFO o.s.s.q.SchedulerFactoryBean [main] Shutting down Quartz Scheduler
2023-04-05 02:28:57,511 INFO o.q.c.QuartzScheduler [main] Scheduler quartzScheduler_$_NON_CLUSTERED shutting down.
2023-04-05 02:28:57,511 INFO o.q.c.QuartzScheduler [main] Scheduler quartzScheduler_$_NON_CLUSTERED paused.
2023-04-05 02:28:57,512 INFO o.q.c.QuartzScheduler [main] Scheduler quartzScheduler_$_NON_CLUSTERED shutdown complete.
2023-04-05 02:28:57,513 INFO c.a.d.p.DruidDataSource [main] {dataSource-0} closing ...
2023-04-05 02:28:57,513 INFO c.a.d.p.DruidDataSource [main] {dataSource-1} closing ...
2023-04-05 02:28:57,522 INFO c.a.d.p.DruidDataSource [main] {dataSource-1} closed
2023-04-05 02:28:57,526 INFO o.a.j.l.DirectJDKLog [main] Pausing ProtocolHandler ["http-nio-8000"]
2023-04-05 02:28:57,526 INFO o.a.j.l.DirectJDKLog [main] Stopping service [Tomcat]
2023-04-05 02:28:57,544 INFO o.a.j.l.DirectJDKLog [main] Stopping ProtocolHandler ["http-nio-8000"]
2023-04-05 02:28:57,545 INFO o.a.j.l.DirectJDKLog [main] Destroying ProtocolHandler ["http-nio-8000"]
2023-04-05 02:28:57,554 INFO o.s.b.a.l.ConditionEvaluationReportLoggingListener [main] 

Error starting ApplicationContext. To display the conditions report re-run your application with 'debug' enabled.
2023-04-05 02:30:35,010 INFO o.h.v.i.u.Version [background-preinit] HV000001: Hibernate Validator 5.3.5.Final
2023-04-05 02:30:35,061 INFO o.s.b.StartupInfoLogger [main] Starting BroadApplication v2.0.0 using Java 17.0.6 on XingGao_Mini with PID 700 (C:\Users\10322\Desktop\demo\broad-admin.jar started by 10322 in C:\Users\10322\Desktop\demo)
2023-04-05 02:30:35,080 INFO o.s.b.SpringApplication [main] The following 2 profiles are active: "druid", "dev"
2023-04-05 02:30:39,303 INFO o.s.b.w.e.t.TomcatWebServer [main] Tomcat initialized with port(s): 8000 (http)
2023-04-05 02:30:39,331 INFO o.a.j.l.DirectJDKLog [main] Initializing ProtocolHandler ["http-nio-8000"]
2023-04-05 02:30:39,332 INFO o.a.j.l.DirectJDKLog [main] Starting service [Tomcat]
2023-04-05 02:30:39,333 INFO o.a.j.l.DirectJDKLog [main] Starting Servlet engine: [Apache Tomcat/9.0.64]
2023-04-05 02:30:39,561 INFO o.a.j.l.DirectJDKLog [main] Initializing Spring embedded WebApplicationContext
2023-04-05 02:30:39,562 INFO o.s.b.w.s.c.ServletWebServerApplicationContext [main] Root WebApplicationContext: initialization completed in 4367 ms
2023-04-05 02:30:39,598 INFO c.b.f.c.FilterConfig [main] xss filter is inited.
2023-04-05 02:30:40,812 INFO o.q.i.StdSchedulerFactory [main] Using default implementation for ThreadExecutor
2023-04-05 02:30:40,944 INFO o.q.c.SchedulerSignalerImpl [main] Initialized Scheduler Signaller of type: class org.quartz.core.SchedulerSignalerImpl
2023-04-05 02:30:40,944 INFO o.q.c.QuartzScheduler [main] Quartz Scheduler v.2.3.2 created.
2023-04-05 02:30:40,952 INFO o.q.s.RAMJobStore [main] RAMJobStore initialized.
2023-04-05 02:30:40,954 INFO o.q.c.QuartzScheduler [main] Scheduler meta-data: Quartz Scheduler (v2.3.2) 'quartzScheduler' with instanceId 'NON_CLUSTERED'
  Scheduler class: 'org.quartz.core.QuartzScheduler' - running locally.
  NOT STARTED.
  Currently in standby mode.
  Number of jobs executed: 0
  Using thread pool 'org.quartz.simpl.SimpleThreadPool' - with 10 threads.
  Using job-store 'org.quartz.simpl.RAMJobStore' - which does not support persistence. and is not clustered.

2023-04-05 02:30:40,954 INFO o.q.i.StdSchedulerFactory [main] Quartz scheduler 'quartzScheduler' initialized from an externally provided properties instance.
2023-04-05 02:30:40,955 INFO o.q.i.StdSchedulerFactory [main] Quartz scheduler version: 2.3.2
2023-04-05 02:30:40,955 INFO o.q.c.QuartzScheduler [main] JobFactory set to: org.springframework.scheduling.quartz.SpringBeanJobFactory@652ab8d9
2023-04-05 02:30:43,487 INFO c.a.d.p.DruidDataSource [main] {dataSource-1} inited
2023-04-05 02:30:49,894 INFO c.b.f.c.ThreadPoolConfig [main] start asyncServiceExecutor...
2023-04-05 02:30:50,547 INFO c.b.f.s.SaLogForSlf4j [main] 全局组件 SaLog 载入成功: com.broad.framework.security.SaLogForSlf4j
2023-04-05 02:30:50,548 INFO c.b.f.s.SaLogForSlf4j [main] 全局配置 SaTokenConfig [tokenName=Authorization, timeout=2592000, activityTimeout=-1, isConcurrent=false, isShare=false, maxLoginCount=12, isReadBody=false, isReadHeader=true, isReadCookie=false, isWriteHeader=false, tokenStyle=uuid, dataRefreshPeriod=30, tokenSessionCheckLogin=true, autoRenew=true, tokenPrefix=null, isPrint=false, isLog=true, logLevel=trace, logLevelInt=1, jwtSecretKey=null, basic=, currDomain=null, sameTokenTimeout=86400, checkSameToken=false, cookie=SaCookieConfig [domain=null, path=null, secure=false, httpOnly=false, sameSite=null]] 
2023-04-05 02:30:50,558 INFO c.b.f.s.SaLogForSlf4j [main] 全局组件 SaTokenDao 载入成功: cn.dev33.satoken.dao.SaTokenDaoRedisFastjson2
2023-04-05 02:30:50,559 INFO c.b.f.s.SaLogForSlf4j [main] 全局组件 StpInterface 载入成功: com.broad.framework.security.StpInterfaceImpl
2023-04-05 02:30:50,563 INFO c.b.f.s.SaLogForSlf4j [main] 全局组件 SaTokenContext 载入成功: cn.dev33.satoken.spring.SaTokenContextForSpring
2023-04-05 02:30:50,564 INFO c.b.f.s.SaLogForSlf4j [main] 全局组件 SaJsonTemplate 载入成功: cn.dev33.satoken.spring.json.SaJsonTemplateForJackson
2023-04-05 02:30:51,188 INFO o.a.j.l.DirectJDKLog [main] Starting ProtocolHandler ["http-nio-8000"]
2023-04-05 02:30:51,243 INFO o.s.s.q.SchedulerFactoryBean [main] Shutting down Quartz Scheduler
2023-04-05 02:30:51,243 INFO o.q.c.QuartzScheduler [main] Scheduler quartzScheduler_$_NON_CLUSTERED shutting down.
2023-04-05 02:30:51,243 INFO o.q.c.QuartzScheduler [main] Scheduler quartzScheduler_$_NON_CLUSTERED paused.
2023-04-05 02:30:51,244 INFO o.q.c.QuartzScheduler [main] Scheduler quartzScheduler_$_NON_CLUSTERED shutdown complete.
2023-04-05 02:30:51,245 INFO c.a.d.p.DruidDataSource [main] {dataSource-0} closing ...
2023-04-05 02:30:51,245 INFO c.a.d.p.DruidDataSource [main] {dataSource-1} closing ...
2023-04-05 02:30:51,252 INFO c.a.d.p.DruidDataSource [main] {dataSource-1} closed
2023-04-05 02:30:51,257 INFO o.a.j.l.DirectJDKLog [main] Pausing ProtocolHandler ["http-nio-8000"]
2023-04-05 02:30:51,257 INFO o.a.j.l.DirectJDKLog [main] Stopping service [Tomcat]
2023-04-05 02:30:51,280 INFO o.a.j.l.DirectJDKLog [main] Stopping ProtocolHandler ["http-nio-8000"]
2023-04-05 02:30:51,281 INFO o.a.j.l.DirectJDKLog [main] Destroying ProtocolHandler ["http-nio-8000"]
2023-04-05 02:30:51,290 INFO o.s.b.a.l.ConditionEvaluationReportLoggingListener [main] 

Error starting ApplicationContext. To display the conditions report re-run your application with 'debug' enabled.
2023-04-05 02:34:24,884 INFO o.h.v.i.u.Version [background-preinit] HV000001: Hibernate Validator 5.3.5.Final
2023-04-05 02:34:24,931 INFO o.s.b.StartupInfoLogger [main] Starting BroadApplication v2.0.0 using Java 17.0.6 on XingGao_Mini with PID 2752 (C:\Users\10322\Desktop\demo\broad-admin.jar started by 10322 in C:\Users\10322\Desktop\demo)
2023-04-05 02:34:24,936 INFO o.s.b.SpringApplication [main] The following 2 profiles are active: "druid", "dev"
2023-04-05 02:34:28,951 INFO o.s.b.w.e.t.TomcatWebServer [main] Tomcat initialized with port(s): 8000 (http)
2023-04-05 02:34:28,980 INFO o.a.j.l.DirectJDKLog [main] Initializing ProtocolHandler ["http-nio-8000"]
2023-04-05 02:34:28,981 INFO o.a.j.l.DirectJDKLog [main] Starting service [Tomcat]
2023-04-05 02:34:28,982 INFO o.a.j.l.DirectJDKLog [main] Starting Servlet engine: [Apache Tomcat/9.0.64]
2023-04-05 02:34:29,179 INFO o.a.j.l.DirectJDKLog [main] Initializing Spring embedded WebApplicationContext
2023-04-05 02:34:29,180 INFO o.s.b.w.s.c.ServletWebServerApplicationContext [main] Root WebApplicationContext: initialization completed in 4162 ms
2023-04-05 02:34:29,226 INFO c.b.f.c.FilterConfig [main] xss filter is inited.
2023-04-05 02:34:30,077 INFO o.q.i.StdSchedulerFactory [main] Using default implementation for ThreadExecutor
2023-04-05 02:34:30,153 INFO o.q.c.SchedulerSignalerImpl [main] Initialized Scheduler Signaller of type: class org.quartz.core.SchedulerSignalerImpl
2023-04-05 02:34:30,154 INFO o.q.c.QuartzScheduler [main] Quartz Scheduler v.2.3.2 created.
2023-04-05 02:34:30,163 INFO o.q.s.RAMJobStore [main] RAMJobStore initialized.
2023-04-05 02:34:30,167 INFO o.q.c.QuartzScheduler [main] Scheduler meta-data: Quartz Scheduler (v2.3.2) 'quartzScheduler' with instanceId 'NON_CLUSTERED'
  Scheduler class: 'org.quartz.core.QuartzScheduler' - running locally.
  NOT STARTED.
  Currently in standby mode.
  Number of jobs executed: 0
  Using thread pool 'org.quartz.simpl.SimpleThreadPool' - with 10 threads.
  Using job-store 'org.quartz.simpl.RAMJobStore' - which does not support persistence. and is not clustered.

2023-04-05 02:34:30,168 INFO o.q.i.StdSchedulerFactory [main] Quartz scheduler 'quartzScheduler' initialized from an externally provided properties instance.
2023-04-05 02:34:30,168 INFO o.q.i.StdSchedulerFactory [main] Quartz scheduler version: 2.3.2
2023-04-05 02:34:30,169 INFO o.q.c.QuartzScheduler [main] JobFactory set to: org.springframework.scheduling.quartz.SpringBeanJobFactory@320494b6
2023-04-05 02:34:32,260 INFO c.a.d.p.DruidDataSource [main] {dataSource-1} inited
2023-04-05 02:34:39,400 INFO c.b.f.c.ThreadPoolConfig [main] start asyncServiceExecutor...
2023-04-05 02:34:40,265 INFO c.b.f.s.SaLogForSlf4j [main] 全局组件 SaLog 载入成功: com.broad.framework.security.SaLogForSlf4j
2023-04-05 02:34:40,267 INFO c.b.f.s.SaLogForSlf4j [main] 全局配置 SaTokenConfig [tokenName=Authorization, timeout=2592000, activityTimeout=-1, isConcurrent=false, isShare=false, maxLoginCount=12, isReadBody=false, isReadHeader=true, isReadCookie=false, isWriteHeader=false, tokenStyle=uuid, dataRefreshPeriod=30, tokenSessionCheckLogin=true, autoRenew=true, tokenPrefix=null, isPrint=false, isLog=true, logLevel=trace, logLevelInt=1, jwtSecretKey=null, basic=, currDomain=null, sameTokenTimeout=86400, checkSameToken=false, cookie=SaCookieConfig [domain=null, path=null, secure=false, httpOnly=false, sameSite=null]] 
2023-04-05 02:34:40,310 INFO c.b.f.s.SaLogForSlf4j [main] 全局组件 SaTokenDao 载入成功: cn.dev33.satoken.dao.SaTokenDaoRedisFastjson2
2023-04-05 02:34:40,315 INFO c.b.f.s.SaLogForSlf4j [main] 全局组件 StpInterface 载入成功: com.broad.framework.security.StpInterfaceImpl
2023-04-05 02:34:40,327 INFO c.b.f.s.SaLogForSlf4j [main] 全局组件 SaTokenContext 载入成功: cn.dev33.satoken.spring.SaTokenContextForSpring
2023-04-05 02:34:40,333 INFO c.b.f.s.SaLogForSlf4j [main] 全局组件 SaJsonTemplate 载入成功: cn.dev33.satoken.spring.json.SaJsonTemplateForJackson
2023-04-05 02:34:41,119 INFO o.a.j.l.DirectJDKLog [main] Starting ProtocolHandler ["http-nio-8000"]
2023-04-05 02:34:41,182 INFO o.s.s.q.SchedulerFactoryBean [main] Shutting down Quartz Scheduler
2023-04-05 02:34:41,182 INFO o.q.c.QuartzScheduler [main] Scheduler quartzScheduler_$_NON_CLUSTERED shutting down.
2023-04-05 02:34:41,183 INFO o.q.c.QuartzScheduler [main] Scheduler quartzScheduler_$_NON_CLUSTERED paused.
2023-04-05 02:34:41,184 INFO o.q.c.QuartzScheduler [main] Scheduler quartzScheduler_$_NON_CLUSTERED shutdown complete.
2023-04-05 02:34:41,185 INFO c.a.d.p.DruidDataSource [main] {dataSource-0} closing ...
2023-04-05 02:34:41,185 INFO c.a.d.p.DruidDataSource [main] {dataSource-1} closing ...
2023-04-05 02:34:41,202 INFO c.a.d.p.DruidDataSource [main] {dataSource-1} closed
2023-04-05 02:34:41,208 INFO o.a.j.l.DirectJDKLog [main] Pausing ProtocolHandler ["http-nio-8000"]
2023-04-05 02:34:41,209 INFO o.a.j.l.DirectJDKLog [main] Stopping service [Tomcat]
2023-04-05 02:34:41,226 INFO o.a.j.l.DirectJDKLog [main] Stopping ProtocolHandler ["http-nio-8000"]
2023-04-05 02:34:41,227 INFO o.a.j.l.DirectJDKLog [main] Destroying ProtocolHandler ["http-nio-8000"]
2023-04-05 02:34:41,237 INFO o.s.b.a.l.ConditionEvaluationReportLoggingListener [main] 

Error starting ApplicationContext. To display the conditions report re-run your application with 'debug' enabled.
2023-04-05 02:47:55,964 INFO o.h.v.i.u.Version [background-preinit] HV000001: Hibernate Validator 5.3.5.Final
2023-04-05 02:47:56,036 INFO o.s.b.StartupInfoLogger [main] Starting BroadApplication v2.0.0 using Java 17.0.6 on XingGao_Mini with PID 6972 (C:\Users\10322\Desktop\demo\broad-admin.jar started by 10322 in C:\Users\10322\Desktop\demo)
2023-04-05 02:47:56,041 INFO o.s.b.SpringApplication [main] The following 2 profiles are active: "druid", "dev"
2023-04-05 02:48:00,318 INFO o.s.b.w.e.t.TomcatWebServer [main] Tomcat initialized with port(s): 8000 (http)
2023-04-05 02:48:00,358 INFO o.a.j.l.DirectJDKLog [main] Initializing ProtocolHandler ["http-nio-8000"]
2023-04-05 02:48:00,359 INFO o.a.j.l.DirectJDKLog [main] Starting service [Tomcat]
2023-04-05 02:48:00,360 INFO o.a.j.l.DirectJDKLog [main] Starting Servlet engine: [Apache Tomcat/9.0.64]
2023-04-05 02:48:00,552 INFO o.a.j.l.DirectJDKLog [main] Initializing Spring embedded WebApplicationContext
2023-04-05 02:48:00,553 INFO o.s.b.w.s.c.ServletWebServerApplicationContext [main] Root WebApplicationContext: initialization completed in 4422 ms
2023-04-05 02:48:00,589 INFO c.b.f.c.FilterConfig [main] xss filter is inited.
2023-04-05 02:48:01,627 INFO o.q.i.StdSchedulerFactory [main] Using default implementation for ThreadExecutor
2023-04-05 02:48:01,695 INFO o.q.c.SchedulerSignalerImpl [main] Initialized Scheduler Signaller of type: class org.quartz.core.SchedulerSignalerImpl
2023-04-05 02:48:01,695 INFO o.q.c.QuartzScheduler [main] Quartz Scheduler v.2.3.2 created.
2023-04-05 02:48:01,705 INFO o.q.s.RAMJobStore [main] RAMJobStore initialized.
2023-04-05 02:48:01,709 INFO o.q.c.QuartzScheduler [main] Scheduler meta-data: Quartz Scheduler (v2.3.2) 'quartzScheduler' with instanceId 'NON_CLUSTERED'
  Scheduler class: 'org.quartz.core.QuartzScheduler' - running locally.
  NOT STARTED.
  Currently in standby mode.
  Number of jobs executed: 0
  Using thread pool 'org.quartz.simpl.SimpleThreadPool' - with 10 threads.
  Using job-store 'org.quartz.simpl.RAMJobStore' - which does not support persistence. and is not clustered.

2023-04-05 02:48:01,709 INFO o.q.i.StdSchedulerFactory [main] Quartz scheduler 'quartzScheduler' initialized from an externally provided properties instance.
2023-04-05 02:48:01,709 INFO o.q.i.StdSchedulerFactory [main] Quartz scheduler version: 2.3.2
2023-04-05 02:48:01,710 INFO o.q.c.QuartzScheduler [main] JobFactory set to: org.springframework.scheduling.quartz.SpringBeanJobFactory@5754de72
2023-04-05 02:48:03,905 INFO c.a.d.p.DruidDataSource [main] {dataSource-1} inited
2023-04-05 02:48:10,983 INFO c.b.f.c.ThreadPoolConfig [main] start asyncServiceExecutor...
2023-04-05 02:48:11,837 INFO c.b.f.s.SaLogForSlf4j [main] 全局组件 SaLog 载入成功: com.broad.framework.security.SaLogForSlf4j
2023-04-05 02:48:11,838 INFO c.b.f.s.SaLogForSlf4j [main] 全局配置 SaTokenConfig [tokenName=Authorization, timeout=2592000, activityTimeout=-1, isConcurrent=false, isShare=false, maxLoginCount=12, isReadBody=false, isReadHeader=true, isReadCookie=false, isWriteHeader=false, tokenStyle=uuid, dataRefreshPeriod=30, tokenSessionCheckLogin=true, autoRenew=true, tokenPrefix=null, isPrint=false, isLog=true, logLevel=trace, logLevelInt=1, jwtSecretKey=null, basic=, currDomain=null, sameTokenTimeout=86400, checkSameToken=false, cookie=SaCookieConfig [domain=null, path=null, secure=false, httpOnly=false, sameSite=null]] 
2023-04-05 02:48:11,853 INFO c.b.f.s.SaLogForSlf4j [main] 全局组件 SaJsonTemplate 载入成功: cn.dev33.satoken.spring.json.SaJsonTemplateForJackson
2023-04-05 02:48:11,856 INFO c.b.f.s.SaLogForSlf4j [main] 全局组件 SaTokenDao 载入成功: cn.dev33.satoken.dao.SaTokenDaoRedisFastjson2
2023-04-05 02:48:11,860 INFO c.b.f.s.SaLogForSlf4j [main] 全局组件 SaTokenContext 载入成功: cn.dev33.satoken.spring.SaTokenContextForSpring
2023-04-05 02:48:11,862 INFO c.b.f.s.SaLogForSlf4j [main] 全局组件 StpInterface 载入成功: com.broad.framework.security.StpInterfaceImpl
2023-04-05 02:48:12,535 INFO o.a.j.l.DirectJDKLog [main] Starting ProtocolHandler ["http-nio-8000"]
2023-04-05 02:48:12,584 INFO o.s.s.q.SchedulerFactoryBean [main] Shutting down Quartz Scheduler
2023-04-05 02:48:12,585 INFO o.q.c.QuartzScheduler [main] Scheduler quartzScheduler_$_NON_CLUSTERED shutting down.
2023-04-05 02:48:12,586 INFO o.q.c.QuartzScheduler [main] Scheduler quartzScheduler_$_NON_CLUSTERED paused.
2023-04-05 02:48:12,587 INFO o.q.c.QuartzScheduler [main] Scheduler quartzScheduler_$_NON_CLUSTERED shutdown complete.
2023-04-05 02:48:12,588 INFO c.a.d.p.DruidDataSource [main] {dataSource-0} closing ...
2023-04-05 02:48:12,588 INFO c.a.d.p.DruidDataSource [main] {dataSource-1} closing ...
2023-04-05 02:48:12,599 INFO c.a.d.p.DruidDataSource [main] {dataSource-1} closed
2023-04-05 02:48:12,603 INFO o.a.j.l.DirectJDKLog [main] Pausing ProtocolHandler ["http-nio-8000"]
2023-04-05 02:48:12,604 INFO o.a.j.l.DirectJDKLog [main] Stopping service [Tomcat]
2023-04-05 02:48:12,626 INFO o.a.j.l.DirectJDKLog [main] Stopping ProtocolHandler ["http-nio-8000"]
2023-04-05 02:48:12,626 INFO o.a.j.l.DirectJDKLog [main] Destroying ProtocolHandler ["http-nio-8000"]
2023-04-05 02:48:12,639 INFO o.s.b.a.l.ConditionEvaluationReportLoggingListener [main] 

Error starting ApplicationContext. To display the conditions report re-run your application with 'debug' enabled.
2023-04-05 12:12:04,019 INFO o.h.v.i.u.Version [background-preinit] HV000001: Hibernate Validator 5.3.5.Final
2023-04-05 12:12:04,077 INFO o.s.b.StartupInfoLogger [main] Starting BroadApplication v2.0.0 using Java 17.0.6 on XingGao_Mini with PID 23560 (C:\Users\10322\Desktop\demo\broad-admin.jar started by 10322 in C:\Users\10322\Desktop\demo)
2023-04-05 12:12:04,077 INFO o.s.b.SpringApplication [main] The following 2 profiles are active: "druid", "dev"
2023-04-05 12:12:08,440 INFO o.s.b.w.e.t.TomcatWebServer [main] Tomcat initialized with port(s): 8000 (http)
2023-04-05 12:12:08,456 INFO o.a.j.l.DirectJDKLog [main] Initializing ProtocolHandler ["http-nio-8000"]
2023-04-05 12:12:08,456 INFO o.a.j.l.DirectJDKLog [main] Starting service [Tomcat]
2023-04-05 12:12:08,456 INFO o.a.j.l.DirectJDKLog [main] Starting Servlet engine: [Apache Tomcat/9.0.64]
2023-04-05 12:12:08,634 INFO o.a.j.l.DirectJDKLog [main] Initializing Spring embedded WebApplicationContext
2023-04-05 12:12:08,634 INFO o.s.b.w.s.c.ServletWebServerApplicationContext [main] Root WebApplicationContext: initialization completed in 4457 ms
2023-04-05 12:12:08,681 INFO c.b.f.c.FilterConfig [main] xss filter is inited.
2023-04-05 12:12:09,947 INFO o.q.i.StdSchedulerFactory [main] Using default implementation for ThreadExecutor
2023-04-05 12:12:09,979 INFO o.q.c.SchedulerSignalerImpl [main] Initialized Scheduler Signaller of type: class org.quartz.core.SchedulerSignalerImpl
2023-04-05 12:12:09,979 INFO o.q.c.QuartzScheduler [main] Quartz Scheduler v.2.3.2 created.
2023-04-05 12:12:09,979 INFO o.q.s.RAMJobStore [main] RAMJobStore initialized.
2023-04-05 12:12:09,979 INFO o.q.c.QuartzScheduler [main] Scheduler meta-data: Quartz Scheduler (v2.3.2) 'quartzScheduler' with instanceId 'NON_CLUSTERED'
  Scheduler class: 'org.quartz.core.QuartzScheduler' - running locally.
  NOT STARTED.
  Currently in standby mode.
  Number of jobs executed: 0
  Using thread pool 'org.quartz.simpl.SimpleThreadPool' - with 10 threads.
  Using job-store 'org.quartz.simpl.RAMJobStore' - which does not support persistence. and is not clustered.

2023-04-05 12:12:09,979 INFO o.q.i.StdSchedulerFactory [main] Quartz scheduler 'quartzScheduler' initialized from an externally provided properties instance.
2023-04-05 12:12:09,979 INFO o.q.i.StdSchedulerFactory [main] Quartz scheduler version: 2.3.2
2023-04-05 12:12:09,979 INFO o.q.c.QuartzScheduler [main] JobFactory set to: org.springframework.scheduling.quartz.SpringBeanJobFactory@5754de72
2023-04-05 12:12:12,535 INFO c.a.d.p.DruidDataSource [main] {dataSource-1} inited
2023-04-05 12:12:19,847 INFO c.b.f.c.ThreadPoolConfig [main] start asyncServiceExecutor...
2023-04-05 12:12:20,530 INFO c.b.f.s.SaLogForSlf4j [main] 全局组件 SaLog 载入成功: com.broad.framework.security.SaLogForSlf4j
2023-04-05 12:12:20,530 INFO c.b.f.s.SaLogForSlf4j [main] 全局配置 SaTokenConfig [tokenName=Authorization, timeout=2592000, activityTimeout=-1, isConcurrent=false, isShare=false, maxLoginCount=12, isReadBody=false, isReadHeader=true, isReadCookie=false, isWriteHeader=false, tokenStyle=uuid, dataRefreshPeriod=30, tokenSessionCheckLogin=true, autoRenew=true, tokenPrefix=null, isPrint=false, isLog=true, logLevel=trace, logLevelInt=1, jwtSecretKey=null, basic=, currDomain=null, sameTokenTimeout=86400, checkSameToken=false, cookie=SaCookieConfig [domain=null, path=null, secure=false, httpOnly=false, sameSite=null]] 
2023-04-05 12:12:20,530 INFO c.b.f.s.SaLogForSlf4j [main] 全局组件 SaTokenDao 载入成功: cn.dev33.satoken.dao.SaTokenDaoRedisFastjson2
2023-04-05 12:12:20,541 INFO c.b.f.s.SaLogForSlf4j [main] 全局组件 SaTokenContext 载入成功: cn.dev33.satoken.spring.SaTokenContextForSpring
2023-04-05 12:12:20,541 INFO c.b.f.s.SaLogForSlf4j [main] 全局组件 StpInterface 载入成功: com.broad.framework.security.StpInterfaceImpl
2023-04-05 12:12:20,546 INFO c.b.f.s.SaLogForSlf4j [main] 全局组件 SaJsonTemplate 载入成功: cn.dev33.satoken.spring.json.SaJsonTemplateForJackson
2023-04-05 12:12:21,209 INFO o.a.j.l.DirectJDKLog [main] Starting ProtocolHandler ["http-nio-8000"]
2023-04-05 12:12:21,259 INFO o.s.b.w.e.t.TomcatWebServer [main] Tomcat started on port(s): 8000 (http) with context path ''
2023-04-05 12:12:21,643 INFO o.s.a.r.c.AbstractConnectionFactory [main] Attempting to connect to: [139.159.194.35:5672]
2023-04-05 12:12:21,753 INFO o.s.a.r.c.AbstractConnectionFactory [main] Created new connection: rabbitConnectionFactory#11c3ff67:0/SimpleConnection@1cbc5693 [delegate=amqp://root@139.159.194.35:5672/, localPort= 54649]
2023-04-05 12:12:21,936 INFO o.s.s.q.SchedulerFactoryBean [main] Starting Quartz Scheduler now
2023-04-05 12:12:21,936 INFO o.q.c.QuartzScheduler [main] Scheduler quartzScheduler_$_NON_CLUSTERED started.
2023-04-05 12:12:21,961 INFO o.s.b.StartupInfoLogger [main] Started BroadApplication in 19.219 seconds (JVM running for 21.378)
2023-04-05 12:12:21,969 INFO c.b.w.BroadApplication [main] Broad-Admin 启动完成,编译时间："2023-04-05 12:12:21",总耗时：19454ms
2023-04-05 12:16:22,863 INFO o.a.j.l.DirectJDKLog [http-nio-8000-exec-1] Initializing Spring DispatcherServlet 'dispatcherServlet'
2023-04-05 12:16:22,863 INFO o.s.w.s.FrameworkServlet [http-nio-8000-exec-1] Initializing Servlet 'dispatcherServlet'
2023-04-05 12:16:22,869 INFO o.s.w.s.FrameworkServlet [http-nio-8000-exec-1] Completed initialization in 6 ms
